<?xml version="1.0" encoding="UTF-8"?>
<coverage generated="1749272059019" clover="3.2.0">
  <project timestamp="1749272059019" name="All files">
    <metrics statements="33" coveredstatements="27" conditionals="28" coveredconditionals="26" methods="3" coveredmethods="3" elements="64" coveredelements="56" complexity="0" loc="33" ncloc="33" packages="2" files="2" classes="2"/>
    <package name="src">
      <metrics statements="1" coveredstatements="1" conditionals="0" coveredconditionals="0" methods="0" coveredmethods="0"/>
      <file name="domain.js" path="/Users/katieslobodsky/Desktop/CSC 307/307_Group_Repo/packages/frontend/src/domain.js">
        <metrics statements="1" coveredstatements="1" conditionals="0" coveredconditionals="0" methods="0" coveredmethods="0"/>
        <line num="2" count="1" type="stmt"/>
      </file>
    </package>
    <package name="src.pages">
      <metrics statements="32" coveredstatements="26" conditionals="28" coveredconditionals="26" methods="3" coveredmethods="3"/>
      <file name="SignUp.jsx" path="/Users/katieslobodsky/Desktop/CSC 307/307_Group_Repo/packages/frontend/src/pages/SignUp.jsx">
        <metrics statements="32" coveredstatements="26" conditionals="28" coveredconditionals="26" methods="3" coveredmethods="3"/>
        <line num="7" count="13" type="stmt"/>
        <line num="9" count="13" type="stmt"/>
        <line num="17" count="13" type="stmt"/>
        <line num="20" count="13" type="stmt"/>
        <line num="21" count="7" type="stmt"/>
        <line num="22" count="7" type="stmt"/>
        <line num="25" count="13" type="stmt"/>
        <line num="26" count="3" type="stmt"/>
        <line num="27" count="3" type="stmt"/>
        <line num="29" count="3" type="cond" truecount="2" falsecount="0"/>
        <line num="30" count="2" type="stmt"/>
        <line num="31" count="3" type="cond" truecount="2" falsecount="0"/>
        <line num="32" count="2" type="stmt"/>
        <line num="33" count="3" type="cond" truecount="4" falsecount="0"/>
        <line num="34" count="2" type="stmt"/>
        <line num="36" count="3" type="cond" truecount="2" falsecount="0"/>
        <line num="37" count="3" type="cond" truecount="2" falsecount="0"/>
        <line num="38" count="1" type="stmt"/>
        <line num="41" count="3" type="stmt"/>
        <line num="43" count="3" type="cond" truecount="2" falsecount="0"/>
        <line num="44" count="1" type="stmt"/>
        <line num="51" count="1" type="stmt"/>
        <line num="52" count="1" type="stmt"/>
        <line num="58" count="0" type="cond" truecount="0" falsecount="2"/>
        <line num="59" count="0" type="stmt"/>
        <line num="60" count="0" type="stmt"/>
        <line num="61" count="0" type="stmt"/>
        <line num="63" count="0" type="stmt"/>
        <line num="64" count="0" type="stmt"/>
        <line num="67" count="1" type="stmt"/>
        <line num="68" count="1" type="stmt"/>
        <line num="73" count="13" type="stmt"/>
      </file>
    </package>
  </project>
</coverage>
