{
  "/Users/katieslobodsky/Desktop/CSC 307/307_Group_Repo/packages/frontend/src/domain.js": {
    "path": "/Users/katieslobodsky/Desktop/CSC 307/307_Group_Repo/packages/frontend/src/domain.js",
    "statementMap": {
      "0": {
        "start": { "line": 2, "column": 15 },
        "end": { "line": 2, "column": 38 }
      }
    },
    "fnMap": {},
    "branchMap": {},
    "s": { "0": 1 },
    "f": {},
    "b": {},
    "_coverageSchema": "1a1c01bbd47fc00a2c39e90264f33305004495a9",
    "hash": "deffb1dcf819486e0d7ed2a87a26ea7ffb75d1c2"
  },
  "/Users/katieslobodsky/Desktop/CSC 307/307_Group_Repo/packages/frontend/src/pages/SignUp.jsx": {
    "path": "/Users/katieslobodsky/Desktop/CSC 307/307_Group_Repo/packages/frontend/src/pages/SignUp.jsx",
    "statementMap": {
      "0": {
        "start": { "line": 7, "column": 19 },
        "end": { "line": 7, "column": 32 }
      },
      "1": {
        "start": { "line": 9, "column": 34 },
        "end": { "line": 15, "column": 4 }
      },
      "2": {
        "start": { "line": 17, "column": 30 },
        "end": { "line": 17, "column": 42 }
      },
      "3": {
        "start": { "line": 20, "column": 23 },
        "end": { "line": 23, "column": 3 }
      },
      "4": {
        "start": { "line": 21, "column": 28 },
        "end": { "line": 21, "column": 36 }
      },
      "5": {
        "start": { "line": 22, "column": 4 },
        "end": { "line": 22, "column": 48 }
      },
      "6": {
        "start": { "line": 25, "column": 23 },
        "end": { "line": 71, "column": 3 }
      },
      "7": {
        "start": { "line": 26, "column": 4 },
        "end": { "line": 26, "column": 23 }
      },
      "8": {
        "start": { "line": 27, "column": 20 },
        "end": { "line": 27, "column": 22 }
      },
      "9": {
        "start": { "line": 29, "column": 4 },
        "end": { "line": 30, "column": 54 }
      },
      "10": {
        "start": { "line": 30, "column": 6 },
        "end": { "line": 30, "column": 54 }
      },
      "11": {
        "start": { "line": 31, "column": 4 },
        "end": { "line": 32, "column": 52 }
      },
      "12": {
        "start": { "line": 32, "column": 6 },
        "end": { "line": 32, "column": 52 }
      },
      "13": {
        "start": { "line": 33, "column": 4 },
        "end": { "line": 35, "column": 5 }
      },
      "14": {
        "start": { "line": 34, "column": 6 },
        "end": { "line": 34, "column": 51 }
      },
      "15": {
        "start": { "line": 36, "column": 4 },
        "end": { "line": 36, "column": 73 }
      },
      "16": {
        "start": { "line": 36, "column": 28 },
        "end": { "line": 36, "column": 73 }
      },
      "17": {
        "start": { "line": 37, "column": 4 },
        "end": { "line": 39, "column": 5 }
      },
      "18": {
        "start": { "line": 38, "column": 6 },
        "end": { "line": 38, "column": 60 }
      },
      "19": {
        "start": { "line": 41, "column": 4 },
        "end": { "line": 41, "column": 25 }
      },
      "20": {
        "start": { "line": 43, "column": 4 },
        "end": { "line": 70, "column": 5 }
      },
      "21": {
        "start": { "line": 44, "column": 22 },
        "end": { "line": 49, "column": 7 }
      },
      "22": {
        "start": { "line": 51, "column": 6 },
        "end": { "line": 69, "column": 7 }
      },
      "23": {
        "start": { "line": 52, "column": 20 },
        "end": { "line": 56, "column": 10 }
      },
      "24": {
        "start": { "line": 58, "column": 8 },
        "end": { "line": 65, "column": 9 }
      },
      "25": {
        "start": { "line": 59, "column": 23 },
        "end": { "line": 59, "column": 39 }
      },
      "26": {
        "start": { "line": 60, "column": 10 },
        "end": { "line": 60, "column": 52 }
      },
      "27": {
        "start": { "line": 61, "column": 10 },
        "end": { "line": 61, "column": 48 }
      },
      "28": {
        "start": { "line": 63, "column": 23 },
        "end": { "line": 63, "column": 39 }
      },
      "29": {
        "start": { "line": 64, "column": 10 },
        "end": { "line": 64, "column": 35 }
      },
      "30": {
        "start": { "line": 67, "column": 8 },
        "end": { "line": 67, "column": 63 }
      },
      "31": {
        "start": { "line": 68, "column": 8 },
        "end": { "line": 68, "column": 25 }
      },
      "32": {
        "start": { "line": 73, "column": 2 },
        "end": { "line": 161, "column": 4 }
      }
    },
    "fnMap": {
      "0": {
        "name": "SignUp",
        "decl": {
          "start": { "line": 6, "column": 9 },
          "end": { "line": 6, "column": 15 }
        },
        "loc": {
          "start": { "line": 6, "column": 18 },
          "end": { "line": 162, "column": 1 }
        },
        "line": 6
      },
      "1": {
        "name": "(anonymous_1)",
        "decl": {
          "start": { "line": 20, "column": 23 },
          "end": { "line": 20, "column": 24 }
        },
        "loc": {
          "start": { "line": 20, "column": 30 },
          "end": { "line": 23, "column": 3 }
        },
        "line": 20
      },
      "2": {
        "name": "(anonymous_2)",
        "decl": {
          "start": { "line": 25, "column": 23 },
          "end": { "line": 25, "column": 24 }
        },
        "loc": {
          "start": { "line": 25, "column": 36 },
          "end": { "line": 71, "column": 3 }
        },
        "line": 25
      }
    },
    "branchMap": {
      "0": {
        "loc": {
          "start": { "line": 29, "column": 4 },
          "end": { "line": 30, "column": 54 }
        },
        "type": "if",
        "locations": [
          {
            "start": { "line": 29, "column": 4 },
            "end": { "line": 30, "column": 54 }
          },
          { "start": {}, "end": {} }
        ],
        "line": 29
      },
      "1": {
        "loc": {
          "start": { "line": 31, "column": 4 },
          "end": { "line": 32, "column": 52 }
        },
        "type": "if",
        "locations": [
          {
            "start": { "line": 31, "column": 4 },
            "end": { "line": 32, "column": 52 }
          },
          { "start": {}, "end": {} }
        ],
        "line": 31
      },
      "2": {
        "loc": {
          "start": { "line": 33, "column": 4 },
          "end": { "line": 35, "column": 5 }
        },
        "type": "if",
        "locations": [
          {
            "start": { "line": 33, "column": 4 },
            "end": { "line": 35, "column": 5 }
          },
          { "start": {}, "end": {} }
        ],
        "line": 33
      },
      "3": {
        "loc": {
          "start": { "line": 33, "column": 8 },
          "end": { "line": 33, "column": 63 }
        },
        "type": "binary-expr",
        "locations": [
          {
            "start": { "line": 33, "column": 8 },
            "end": { "line": 33, "column": 23 }
          },
          {
            "start": { "line": 33, "column": 27 },
            "end": { "line": 33, "column": 63 }
          }
        ],
        "line": 33
      },
      "4": {
        "loc": {
          "start": { "line": 36, "column": 4 },
          "end": { "line": 36, "column": 73 }
        },
        "type": "if",
        "locations": [
          {
            "start": { "line": 36, "column": 4 },
            "end": { "line": 36, "column": 73 }
          },
          { "start": {}, "end": {} }
        ],
        "line": 36
      },
      "5": {
        "loc": {
          "start": { "line": 37, "column": 4 },
          "end": { "line": 39, "column": 5 }
        },
        "type": "if",
        "locations": [
          {
            "start": { "line": 37, "column": 4 },
            "end": { "line": 39, "column": 5 }
          },
          { "start": {}, "end": {} }
        ],
        "line": 37
      },
      "6": {
        "loc": {
          "start": { "line": 43, "column": 4 },
          "end": { "line": 70, "column": 5 }
        },
        "type": "if",
        "locations": [
          {
            "start": { "line": 43, "column": 4 },
            "end": { "line": 70, "column": 5 }
          },
          { "start": {}, "end": {} }
        ],
        "line": 43
      },
      "7": {
        "loc": {
          "start": { "line": 58, "column": 8 },
          "end": { "line": 65, "column": 9 }
        },
        "type": "if",
        "locations": [
          {
            "start": { "line": 58, "column": 8 },
            "end": { "line": 65, "column": 9 }
          },
          {
            "start": { "line": 62, "column": 15 },
            "end": { "line": 65, "column": 9 }
          }
        ],
        "line": 58
      },
      "8": {
        "loc": {
          "start": { "line": 104, "column": 11 },
          "end": { "line": 104, "column": 79 }
        },
        "type": "binary-expr",
        "locations": [
          {
            "start": { "line": 104, "column": 11 },
            "end": { "line": 104, "column": 27 }
          },
          {
            "start": { "line": 104, "column": 31 },
            "end": { "line": 104, "column": 79 }
          }
        ],
        "line": 104
      },
      "9": {
        "loc": {
          "start": { "line": 113, "column": 11 },
          "end": { "line": 113, "column": 77 }
        },
        "type": "binary-expr",
        "locations": [
          {
            "start": { "line": 113, "column": 11 },
            "end": { "line": 113, "column": 26 }
          },
          {
            "start": { "line": 113, "column": 30 },
            "end": { "line": 113, "column": 77 }
          }
        ],
        "line": 113
      },
      "10": {
        "loc": {
          "start": { "line": 123, "column": 11 },
          "end": { "line": 123, "column": 71 }
        },
        "type": "binary-expr",
        "locations": [
          {
            "start": { "line": 123, "column": 11 },
            "end": { "line": 123, "column": 23 }
          },
          {
            "start": { "line": 123, "column": 27 },
            "end": { "line": 123, "column": 71 }
          }
        ],
        "line": 123
      },
      "11": {
        "loc": {
          "start": { "line": 133, "column": 11 },
          "end": { "line": 133, "column": 77 }
        },
        "type": "binary-expr",
        "locations": [
          {
            "start": { "line": 133, "column": 11 },
            "end": { "line": 133, "column": 26 }
          },
          {
            "start": { "line": 133, "column": 30 },
            "end": { "line": 133, "column": 77 }
          }
        ],
        "line": 133
      },
      "12": {
        "loc": {
          "start": { "line": 143, "column": 11 },
          "end": { "line": 145, "column": 11 }
        },
        "type": "binary-expr",
        "locations": [
          {
            "start": { "line": 143, "column": 11 },
            "end": { "line": 143, "column": 33 }
          },
          {
            "start": { "line": 144, "column": 12 },
            "end": { "line": 144, "column": 66 }
          }
        ],
        "line": 143
      },
      "13": {
        "loc": {
          "start": { "line": 151, "column": 11 },
          "end": { "line": 151, "column": 67 }
        },
        "type": "binary-expr",
        "locations": [
          {
            "start": { "line": 151, "column": 11 },
            "end": { "line": 151, "column": 21 }
          },
          {
            "start": { "line": 151, "column": 25 },
            "end": { "line": 151, "column": 67 }
          }
        ],
        "line": 151
      }
    },
    "s": {
      "0": 13,
      "1": 13,
      "2": 13,
      "3": 13,
      "4": 7,
      "5": 7,
      "6": 13,
      "7": 3,
      "8": 3,
      "9": 3,
      "10": 2,
      "11": 3,
      "12": 2,
      "13": 3,
      "14": 2,
      "15": 3,
      "16": 1,
      "17": 3,
      "18": 1,
      "19": 3,
      "20": 3,
      "21": 1,
      "22": 1,
      "23": 1,
      "24": 0,
      "25": 0,
      "26": 0,
      "27": 0,
      "28": 0,
      "29": 0,
      "30": 1,
      "31": 1,
      "32": 13
    },
    "f": { "0": 13, "1": 7, "2": 3 },
    "b": {
      "0": [2, 1],
      "1": [2, 1],
      "2": [2, 1],
      "3": [3, 1],
      "4": [1, 2],
      "5": [1, 2],
      "6": [1, 2],
      "7": [0, 0],
      "8": [13, 2],
      "9": [13, 2],
      "10": [13, 2],
      "11": [13, 1],
      "12": [13, 1],
      "13": [13, 1]
    },
    "_coverageSchema": "1a1c01bbd47fc00a2c39e90264f33305004495a9",
    "hash": "276382663d444dab67b1294d14421f9935b3a1f7"
  }
}
