TN:
SF:packages/frontend/src/domain.js
FNF:0
FNH:0
DA:1,1
LF:1
LH:1
BRF:0
BRH:0
end_of_record
TN:
SF:packages/frontend/src/pages/SignUp.jsx
FN:6,SignUp
FN:20,(anonymous_1)
FN:25,(anonymous_2)
FNF:3
FNH:3
FNDA:13,SignUp
FNDA:7,(anonymous_1)
FNDA:3,(anonymous_2)
DA:7,13
DA:9,13
DA:17,13
DA:20,13
DA:21,7
DA:22,7
DA:25,13
DA:26,3
DA:27,3
DA:29,3
DA:30,2
DA:31,3
DA:32,2
DA:33,3
DA:34,2
DA:36,3
DA:37,3
DA:38,1
DA:41,3
DA:43,3
DA:44,1
DA:51,1
DA:52,1
DA:58,0
DA:59,0
DA:60,0
DA:61,0
DA:63,0
DA:64,0
DA:67,1
DA:68,1
DA:73,13
LF:32
LH:26
BRDA:29,0,0,2
BRDA:29,0,1,1
BRDA:31,1,0,2
BRDA:31,1,1,1
BRDA:33,2,0,2
BRDA:33,2,1,1
BRDA:33,3,0,3
BRDA:33,3,1,1
BRDA:36,4,0,1
BRDA:36,4,1,2
BRDA:37,5,0,1
BRDA:37,5,1,2
BRDA:43,6,0,1
BRDA:43,6,1,2
BRDA:58,7,0,0
BRDA:58,7,1,0
BRDA:104,8,0,13
BRDA:104,8,1,2
BRDA:113,9,0,13
BRDA:113,9,1,2
BRDA:123,10,0,13
BRDA:123,10,1,2
BRDA:133,11,0,13
BRDA:133,11,1,1
BRDA:143,12,0,13
BRDA:143,12,1,1
BRDA:151,13,0,13
BRDA:151,13,1,1
BRF:28
BRH:26
end_of_record
